2024-07-09T08:31:35+00:00 INFO Trying to create one_cc_address_sync_cron
2024-07-09T08:31:35+00:00 INFO Failed to create one_cc_address_sync_cron as invalid one cc merchant
2024-07-09T08:31:35+00:00 INFO Attempting to delete one_cc_address_sync_cron, status: cancelled, message: invalid_1cc_merchant
2024-07-09T08:31:35+00:00 INFO Deleted one_cc_address_sync_cron  if exists
2024-07-09T08:31:35+00:00 INFO updateAddressSyncCronData: status=cancelled, message=invalid_1cc_merchant, cronStatus=deleted
2024-07-09T08:31:35+00:00 INFO create one_cc_plugin_sync_cron successful
2024-07-09T08:32:26+00:00 INFO Trying to create one_cc_address_sync_cron
2024-07-09T08:32:26+00:00 INFO Failed to create one_cc_address_sync_cron as invalid one cc merchant
2024-07-09T08:32:26+00:00 INFO Attempting to delete one_cc_address_sync_cron, status: cancelled, message: invalid_1cc_merchant
2024-07-09T08:32:26+00:00 INFO Deleted one_cc_address_sync_cron  if exists
2024-07-09T08:32:26+00:00 INFO updateAddressSyncCronData: status=cancelled, message=invalid_1cc_merchant, cronStatus=deleted
2024-07-09T08:32:26+00:00 INFO create one_cc_plugin_sync_cron successful
2024-07-09T08:32:40+00:00 INFO Trying to create one_cc_address_sync_cron
2024-07-09T08:32:40+00:00 INFO Failed to create one_cc_address_sync_cron as invalid one cc merchant
2024-07-09T08:32:40+00:00 INFO Attempting to delete one_cc_address_sync_cron, status: cancelled, message: invalid_1cc_merchant
2024-07-09T08:32:40+00:00 INFO Deleted one_cc_address_sync_cron  if exists
2024-07-09T08:32:40+00:00 INFO updateAddressSyncCronData: status=cancelled, message=invalid_1cc_merchant, cronStatus=deleted
2024-07-09T08:32:40+00:00 INFO create one_cc_plugin_sync_cron successful
2024-07-09T08:32:56+00:00 INFO Trying to create one_cc_address_sync_cron
2024-07-09T08:32:56+00:00 INFO Failed to create one_cc_address_sync_cron as invalid one cc merchant
2024-07-09T08:32:56+00:00 INFO Attempting to delete one_cc_address_sync_cron, status: cancelled, message: invalid_1cc_merchant
2024-07-09T08:32:56+00:00 INFO Deleted one_cc_address_sync_cron  if exists
2024-07-09T08:32:56+00:00 INFO updateAddressSyncCronData: status=cancelled, message=invalid_1cc_merchant, cronStatus=deleted
2024-07-09T08:32:56+00:00 INFO create one_cc_plugin_sync_cron successful
2024-07-09T08:33:34+00:00 INFO Trying to create one_cc_address_sync_cron
2024-07-09T08:33:34+00:00 INFO Failed to create one_cc_address_sync_cron as invalid one cc merchant
2024-07-09T08:33:34+00:00 INFO Attempting to delete one_cc_address_sync_cron, status: cancelled, message: invalid_1cc_merchant
2024-07-09T08:33:34+00:00 INFO Deleted one_cc_address_sync_cron  if exists
2024-07-09T08:33:34+00:00 INFO updateAddressSyncCronData: status=cancelled, message=invalid_1cc_merchant, cronStatus=deleted
2024-07-09T08:33:34+00:00 INFO create one_cc_plugin_sync_cron successful
2024-07-09T08:33:50+00:00 INFO Trying to create one_cc_address_sync_cron
2024-07-09T08:33:50+00:00 INFO Failed to create one_cc_address_sync_cron as invalid one cc merchant
2024-07-09T08:33:50+00:00 INFO Attempting to delete one_cc_address_sync_cron, status: cancelled, message: invalid_1cc_merchant
2024-07-09T08:33:50+00:00 INFO Deleted one_cc_address_sync_cron  if exists
2024-07-09T08:33:50+00:00 INFO updateAddressSyncCronData: status=cancelled, message=invalid_1cc_merchant, cronStatus=deleted
2024-07-09T08:33:50+00:00 INFO create one_cc_plugin_sync_cron successful
2024-07-09T08:34:11+00:00 INFO Trying to create one_cc_address_sync_cron
2024-07-09T08:34:11+00:00 INFO Failed to create one_cc_address_sync_cron as invalid one cc merchant
2024-07-09T08:34:11+00:00 INFO Attempting to delete one_cc_address_sync_cron, status: cancelled, message: invalid_1cc_merchant
2024-07-09T08:34:11+00:00 INFO Deleted one_cc_address_sync_cron  if exists
2024-07-09T08:34:11+00:00 INFO updateAddressSyncCronData: status=cancelled, message=invalid_1cc_merchant, cronStatus=deleted
2024-07-09T08:34:11+00:00 INFO create one_cc_plugin_sync_cron successful
2024-07-09T08:34:34+00:00 INFO Trying to create one_cc_address_sync_cron
2024-07-09T08:34:34+00:00 INFO Failed to create one_cc_address_sync_cron as invalid one cc merchant
2024-07-09T08:34:34+00:00 INFO Attempting to delete one_cc_address_sync_cron, status: cancelled, message: invalid_1cc_merchant
2024-07-09T08:34:34+00:00 INFO Deleted one_cc_address_sync_cron  if exists
2024-07-09T08:34:34+00:00 INFO updateAddressSyncCronData: status=cancelled, message=invalid_1cc_merchant, cronStatus=deleted
2024-07-09T08:34:34+00:00 INFO create one_cc_plugin_sync_cron successful
2024-07-09T08:35:05+00:00 INFO Trying to create one_cc_address_sync_cron
2024-07-09T08:35:05+00:00 INFO Failed to create one_cc_address_sync_cron as invalid one cc merchant
2024-07-09T08:35:05+00:00 INFO Attempting to delete one_cc_address_sync_cron, status: cancelled, message: invalid_1cc_merchant
2024-07-09T08:35:05+00:00 INFO Deleted one_cc_address_sync_cron  if exists
2024-07-09T08:35:05+00:00 INFO updateAddressSyncCronData: status=cancelled, message=invalid_1cc_merchant, cronStatus=deleted
2024-07-09T08:35:05+00:00 INFO create one_cc_plugin_sync_cron successful
2024-07-09T08:35:23+00:00 INFO Trying to create one_cc_address_sync_cron
2024-07-09T08:35:23+00:00 INFO Failed to create one_cc_address_sync_cron as invalid one cc merchant
2024-07-09T08:35:23+00:00 INFO Attempting to delete one_cc_address_sync_cron, status: cancelled, message: invalid_1cc_merchant
2024-07-09T08:35:23+00:00 INFO Deleted one_cc_address_sync_cron  if exists
2024-07-09T08:35:23+00:00 INFO updateAddressSyncCronData: status=cancelled, message=invalid_1cc_merchant, cronStatus=deleted
2024-07-09T08:35:23+00:00 INFO create one_cc_plugin_sync_cron successful
2024-07-09T08:35:38+00:00 INFO Trying to create one_cc_address_sync_cron
2024-07-09T08:35:38+00:00 INFO Failed to create one_cc_address_sync_cron as invalid one cc merchant
2024-07-09T08:35:38+00:00 INFO Attempting to delete one_cc_address_sync_cron, status: cancelled, message: invalid_1cc_merchant
2024-07-09T08:35:38+00:00 INFO Deleted one_cc_address_sync_cron  if exists
2024-07-09T08:35:38+00:00 INFO updateAddressSyncCronData: status=cancelled, message=invalid_1cc_merchant, cronStatus=deleted
2024-07-09T08:35:38+00:00 INFO create one_cc_plugin_sync_cron successful
2024-07-09T08:35:57+00:00 INFO Trying to create one_cc_address_sync_cron
2024-07-09T08:35:57+00:00 INFO Failed to create one_cc_address_sync_cron as invalid one cc merchant
2024-07-09T08:35:57+00:00 INFO Attempting to delete one_cc_address_sync_cron, status: cancelled, message: invalid_1cc_merchant
2024-07-09T08:35:57+00:00 INFO Deleted one_cc_address_sync_cron  if exists
2024-07-09T08:35:57+00:00 INFO updateAddressSyncCronData: status=cancelled, message=invalid_1cc_merchant, cronStatus=deleted
2024-07-09T08:35:57+00:00 INFO create one_cc_plugin_sync_cron successful
2024-07-09T09:05:56+00:00 INFO Trying to create one_cc_address_sync_cron
2024-07-09T09:05:56+00:00 INFO Failed to create one_cc_address_sync_cron as invalid one cc merchant
2024-07-09T09:05:56+00:00 INFO Attempting to delete one_cc_address_sync_cron, status: cancelled, message: invalid_1cc_merchant
2024-07-09T09:05:56+00:00 INFO Deleted one_cc_address_sync_cron  if exists
2024-07-09T09:05:56+00:00 INFO updateAddressSyncCronData: status=cancelled, message=invalid_1cc_merchant, cronStatus=deleted
2024-07-09T09:05:56+00:00 INFO create one_cc_plugin_sync_cron successful
