2024-07-12T13:47:51+00:00 INFO Trying to create one_cc_address_sync_cron
2024-07-12T13:47:51+00:00 INFO Failed to create one_cc_address_sync_cron as invalid one cc merchant
2024-07-12T13:47:51+00:00 INFO Attempting to delete one_cc_address_sync_cron, status: cancelled, message: invalid_1cc_merchant
2024-07-12T13:47:51+00:00 INFO Deleted one_cc_address_sync_cron  if exists
2024-07-12T13:47:51+00:00 INFO updateAddressSyncCronData: status=cancelled, message=invalid_1cc_merchant, cronStatus=deleted
2024-07-12T13:47:51+00:00 INFO create one_cc_plugin_sync_cron successful
2024-07-12T13:48:12+00:00 INFO Trying to create one_cc_address_sync_cron
2024-07-12T13:48:12+00:00 INFO Failed to create one_cc_address_sync_cron as invalid one cc merchant
2024-07-12T13:48:12+00:00 INFO Attempting to delete one_cc_address_sync_cron, status: cancelled, message: invalid_1cc_merchant
2024-07-12T13:48:12+00:00 INFO Deleted one_cc_address_sync_cron  if exists
2024-07-12T13:48:12+00:00 INFO updateAddressSyncCronData: status=cancelled, message=invalid_1cc_merchant, cronStatus=deleted
2024-07-12T13:48:12+00:00 INFO create one_cc_plugin_sync_cron successful
2024-07-12T13:48:31+00:00 INFO Trying to create one_cc_address_sync_cron
2024-07-12T13:48:31+00:00 INFO Failed to create one_cc_address_sync_cron as invalid one cc merchant
2024-07-12T13:48:31+00:00 INFO Attempting to delete one_cc_address_sync_cron, status: cancelled, message: invalid_1cc_merchant
2024-07-12T13:48:31+00:00 INFO Deleted one_cc_address_sync_cron  if exists
2024-07-12T13:48:31+00:00 INFO updateAddressSyncCronData: status=cancelled, message=invalid_1cc_merchant, cronStatus=deleted
2024-07-12T13:48:31+00:00 INFO create one_cc_plugin_sync_cron successful
2024-07-12T13:48:53+00:00 INFO Trying to create one_cc_address_sync_cron
2024-07-12T13:48:53+00:00 INFO Failed to create one_cc_address_sync_cron as invalid one cc merchant
2024-07-12T13:48:53+00:00 INFO Attempting to delete one_cc_address_sync_cron, status: cancelled, message: invalid_1cc_merchant
2024-07-12T13:48:53+00:00 INFO Deleted one_cc_address_sync_cron  if exists
2024-07-12T13:48:53+00:00 INFO updateAddressSyncCronData: status=cancelled, message=invalid_1cc_merchant, cronStatus=deleted
2024-07-12T13:48:53+00:00 INFO create one_cc_plugin_sync_cron successful
2024-07-12T13:49:20+00:00 INFO Trying to create one_cc_address_sync_cron
2024-07-12T13:49:20+00:00 INFO Failed to create one_cc_address_sync_cron as invalid one cc merchant
2024-07-12T13:49:20+00:00 INFO Attempting to delete one_cc_address_sync_cron, status: cancelled, message: invalid_1cc_merchant
2024-07-12T13:49:20+00:00 INFO Deleted one_cc_address_sync_cron  if exists
2024-07-12T13:49:20+00:00 INFO updateAddressSyncCronData: status=cancelled, message=invalid_1cc_merchant, cronStatus=deleted
2024-07-12T13:49:20+00:00 INFO create one_cc_plugin_sync_cron successful
2024-07-12T13:49:48+00:00 INFO Trying to create one_cc_address_sync_cron
2024-07-12T13:49:48+00:00 INFO Failed to create one_cc_address_sync_cron as invalid one cc merchant
2024-07-12T13:49:48+00:00 INFO Attempting to delete one_cc_address_sync_cron, status: cancelled, message: invalid_1cc_merchant
2024-07-12T13:49:48+00:00 INFO Deleted one_cc_address_sync_cron  if exists
2024-07-12T13:49:48+00:00 INFO updateAddressSyncCronData: status=cancelled, message=invalid_1cc_merchant, cronStatus=deleted
2024-07-12T13:49:48+00:00 INFO create one_cc_plugin_sync_cron successful
